<?xml version="1.0" encoding="UTF-8"?>
<!-- Generated by org.testng.reporters.JUnitReportReporter -->
<testsuite hostname="KiranPatil" failures="0" tests="3" name="com.example.testngproject.OpenMRSWebsiteTesting.DependencyTestExample" time="0.625" errors="0" timestamp="2025-08-20T16:11:12 IST" skipped="0">
  <testcase classname="com.example.testngproject.OpenMRSWebsiteTesting.DependencyTestExample" name="verifyDashboard" time="0.003"/>
  <testcase classname="com.example.testngproject.OpenMRSWebsiteTesting.DependencyTestExample" name="performLogin" time="0.331"/>
  <testcase classname="com.example.testngproject.OpenMRSWebsiteTesting.DependencyTestExample" name="launchWebsite" time="0.291"/>
</testsuite> <!-- com.example.testngproject.OpenMRSWebsiteTesting.DependencyTestExample -->
