<?xml version="1.0" encoding="UTF-8"?>
<!-- Generated by org.testng.reporters.JUnitReportReporter -->
<testsuite hostname="KiranPatil" failures="0" tests="2" name="com.example.testngproject.OpenMRSWebsiteTesting.MyTest" time="0.026" errors="0" timestamp="2025-08-20T17:01:05 IST" skipped="1">
  <testcase classname="com.example.testngproject.OpenMRSWebsiteTesting.MyTest" name="testSuccess" time="0.003"/>
  <testcase classname="com.example.testngproject.OpenMRSWebsiteTesting.MyTest" name="testFail" time="0.023">
    <skipped/>
  </testcase> <!-- testFail -->
</testsuite> <!-- com.example.testngproject.OpenMRSWebsiteTesting.MyTest -->
