<?xml version="1.0" encoding="UTF-8"?>
<!-- Generated by org.testng.reporters.JUnitReportReporter -->
<testsuite hostname="KiranPatil" failures="0" tests="1" name="com.example.testngproject.OpenMRSWebsiteTesting.GoogleTestWithReport" time="1.755" errors="0" timestamp="2025-08-20T15:40:31 IST" skipped="0">
  <testcase classname="com.example.testngproject.OpenMRSWebsiteTesting.GoogleTestWithReport" name="openGoogle" time="1.755"/>
</testsuite> <!-- com.example.testngproject.OpenMRSWebsiteTesting.GoogleTestWithReport -->
