<?xml version="1.0" encoding="UTF-8"?>
<!-- Generated by org.testng.reporters.JUnitReportReporter -->
<testsuite hostname="KiranPatil" failures="0" tests="1" name="com.example.testngproject.TestMySqlwithSelenium.TestMySQLusingTestNG" time="0.012" errors="0" timestamp="2025-08-19T09:36:41 IST" skipped="0">
  <testcase classname="com.example.testngproject.TestMySqlwithSelenium.TestMySQLusingTestNG" name="loginTest" time="0.012"/>
</testsuite> <!-- com.example.testngproject.TestMySqlwithSelenium.TestMySQLusingTestNG -->
